2015-04-16 12:20:42,302 - [INFO] - from play in pool-6-thread-3 
Listening for HTTP on /0:0:0:0:0:0:0:0:9000

2015-04-16 12:21:17,828 - [INFO] - from play in play-internal-execution-context-1 
database [default] connected at jdbc:h2:mem:play

2015-04-16 12:21:18,879 - [INFO] - from application in play-internal-execution-context-1 
[securesocial] loaded templates plugin: securesocial.controllers.DefaultTemplatesPlugin

2015-04-16 12:21:19,449 - [INFO] - from play in play-internal-execution-context-1 
Starting application default Akka system.

2015-04-16 12:21:19,490 - [DEBUG] - from application in play-akka.actor.default-dispatcher-3 
[securesocial] calling deleteExpiredTokens()

2015-04-16 12:21:19,491 - [INFO] - from application in play-internal-execution-context-1 
[securesocial] loaded user service: class plugins.InMemoryUserService

2015-04-16 12:21:19,496 - [INFO] - from application in play-internal-execution-context-1 
[securesocial] loaded password hasher bcrypt

2015-04-16 12:21:19,501 - [INFO] - from application in play-internal-execution-context-1 
[securesocial] loaded identity provider: twitter

2015-04-16 12:21:19,501 - [INFO] - from application in play-internal-execution-context-1 
[securesocial] loaded identity provider: facebook

2015-04-16 12:21:19,502 - [INFO] - from application in play-internal-execution-context-1 
[securesocial] loaded identity provider: google

2015-04-16 12:21:19,502 - [INFO] - from application in play-internal-execution-context-1 
[securesocial] loaded identity provider: userpass

2015-04-16 12:21:19,512 - [INFO] - from play in play-internal-execution-context-1 
Application started (Dev)

2015-04-16 12:21:25,457 - [DEBUG] - from application in play-akka.actor.default-dispatcher-2 
[securesocial] bootstrap path = securesocial/bootstrap/css/bootstrap.min.css

2015-04-16 12:21:25,459 - [DEBUG] - from application in play-akka.actor.default-dispatcher-2 
[securesocial] assets controller = controllers.ReverseAssets

2015-04-16 12:21:25,462 - [DEBUG] - from application in play-akka.actor.default-dispatcher-2 
[securesocial] favicon path = securesocial/images/favicon.png

2015-04-16 12:21:25,463 - [DEBUG] - from application in play-akka.actor.default-dispatcher-2 
[securesocial] Jquery path = securesocial/javascripts/jquery-1.7.1.min.js

2015-04-16 12:21:25,464 - [DEBUG] - from application in play-akka.actor.default-dispatcher-2 
[securesocial] custom css path = None

2015-04-16 12:21:28,773 - [DEBUG] - from application in play-akka.actor.default-dispatcher-7 
[securesocial] authorizationUrl = https://accounts.google.com/o/oauth2/auth

2015-04-16 12:21:28,775 - [DEBUG] - from application in play-akka.actor.default-dispatcher-7 
[securesocial] redirecting to: [https://accounts.google.com/o/oauth2/auth?scope=https%3A%2F%2Fwww.googleapis.com%2Fauth%2Fuserinfo.profile+https%3A%2F%2Fwww.googleapis.com%2Fauth%2Fuserinfo.email&client_id=31854430568-dj5bm8eoqlnd2ntlgs2mk50q7l6808li.apps.googleusercontent.com&redirect_uri=http%3A%2F%2Flocalhost%3A9000%2Fauthenticate%2Fgoogle&response_type=code&state=980d264c-2a95-439c-883f-732614fd2f83]

2015-04-16 12:21:30,228 - [DEBUG] - from application in play-akka.actor.default-dispatcher-7 
[securesocial] got json back [{"access_token":"ya29.VwHW-v7Dt7S0XmgpDWR8pa72bpWR4rRwigcsKJyqAxJgV98r59OaDdb2rXyjN_LMRxQiMYa3siRmtA","token_type":"Bearer","expires_in":3598,"id_token":"eyJhbGciOiJSUzI1NiIsImtpZCI6IjczNzY1ZWM3ZWQxYjYwMjBlZGJmOTY2ZmQ5ODcyZWU2ODY5Y2VmNDcifQ.eyJpc3MiOiJhY2NvdW50cy5nb29nbGUuY29tIiwic3ViIjoiMTA3OTI1NDIxNzg4ODI3MzA5NTIxIiwiYXpwIjoiMzE4NTQ0MzA1NjgtZGo1Ym04ZW9xbG5kMm50bGdzMm1rNTBxN2w2ODA4bGkuYXBwcy5nb29nbGV1c2VyY29udGVudC5jb20iLCJlbWFpbCI6Im1hdHRoYW5jb2NrMDNAZ21haWwuY29tIiwiYXRfaGFzaCI6Im85NzROczNtNTU5eXRRNkg0bDBoVkEiLCJlbWFpbF92ZXJpZmllZCI6dHJ1ZSwiYXVkIjoiMzE4NTQ0MzA1NjgtZGo1Ym04ZW9xbG5kMm50bGdzMm1rNTBxN2w2ODA4bGkuYXBwcy5nb29nbGV1c2VyY29udGVudC5jb20iLCJpYXQiOjE0MjkyMTIwOTAsImV4cCI6MTQyOTIxNTY5MH0.MfSG9l5GOYSmWKx88IqDrT3HNQkV43X3V-U8_U0TQsguwq5pQ0J4MUm6UtGH74KVsFow-pte5OTn2eo9setJj_BAzKNAL4LGfvgWWyRsF2wqCBWqoj4aT3OMGgUIOWAgDd0d8kPBtonOdgFNMM7iSJs9zAzAL4Oogp_t260ogjA"}]

2015-04-16 12:21:30,288 - [DEBUG] - from application in play-akka.actor.default-dispatcher-7 
[securesocial] user = Some(SocialUser(IdentityId(,google),,,,None,None,AuthenticationMethod(oauth2),None,Some(OAuth2Info(ya29.VwHW-v7Dt7S0XmgpDWR8pa72bpWR4rRwigcsKJyqAxJgV98r59OaDdb2rXyjN_LMRxQiMYa3siRmtA,Some(Bearer),Some(3598),None)),None))

2015-04-16 12:21:30,788 - [DEBUG] - from application in play-akka.actor.default-dispatcher-7 
[securesocial] user logged in : [SocialUser(IdentityId(107925421788827309521,google),Matthew,Hancock,Matthew Hancock,Some(matthancock03@gmail.com),Some(https://lh3.googleusercontent.com/-XdUIqdMkCWA/AAAAAAAAAAI/AAAAAAAAAAA/4252rscbv5M/photo.jpg),AuthenticationMethod(oauth2),None,Some(OAuth2Info(ya29.VwHW-v7Dt7S0XmgpDWR8pa72bpWR4rRwigcsKJyqAxJgV98r59OaDdb2rXyjN_LMRxQiMYa3siRmtA,Some(Bearer),Some(3598),None)),None)]

