2015-04-11 18:47:53,769 - [INFO] - from play in pool-6-thread-8 
Listening for HTTP on /0:0:0:0:0:0:0:0:9000

2015-04-11 18:56:56,910 - [INFO] - from play in play-internal-execution-context-1 
database [default] connected at jdbc:h2:mem:play

2015-04-11 18:56:57,437 - [INFO] - from application in play-internal-execution-context-1 
[securesocial] loaded templates plugin: securesocial.controllers.DefaultTemplatesPlugin

2015-04-11 18:56:57,739 - [INFO] - from play in play-internal-execution-context-1 
Starting application default Akka system.

2015-04-11 18:56:57,755 - [DEBUG] - from application in play-akka.actor.default-dispatcher-2 
[securesocial] calling deleteExpiredTokens()

2015-04-11 18:56:57,756 - [INFO] - from application in play-internal-execution-context-1 
[securesocial] loaded user service: class plugins.InMemoryUserService

2015-04-11 18:56:57,757 - [INFO] - from application in play-internal-execution-context-1 
[securesocial] loaded password hasher bcrypt

2015-04-11 18:56:57,759 - [INFO] - from application in play-internal-execution-context-1 
[securesocial] loaded identity provider: twitter

2015-04-11 18:56:57,759 - [INFO] - from application in play-internal-execution-context-1 
[securesocial] loaded identity provider: facebook

2015-04-11 18:56:57,759 - [INFO] - from application in play-internal-execution-context-1 
[securesocial] loaded identity provider: google

2015-04-11 18:56:57,759 - [INFO] - from application in play-internal-execution-context-1 
[securesocial] loaded identity provider: userpass

2015-04-11 18:56:57,763 - [INFO] - from play in play-internal-execution-context-1 
Application started (Dev)

2015-04-11 18:56:59,946 - [DEBUG] - from application in play-akka.actor.default-dispatcher-5 
[securesocial] bootstrap path = securesocial/bootstrap/css/bootstrap.min.css

2015-04-11 18:56:59,947 - [DEBUG] - from application in play-akka.actor.default-dispatcher-5 
[securesocial] assets controller = controllers.ReverseAssets

2015-04-11 18:56:59,949 - [DEBUG] - from application in play-akka.actor.default-dispatcher-5 
[securesocial] favicon path = securesocial/images/favicon.png

2015-04-11 18:56:59,950 - [DEBUG] - from application in play-akka.actor.default-dispatcher-5 
[securesocial] Jquery path = securesocial/javascripts/jquery-1.7.1.min.js

2015-04-11 18:56:59,950 - [DEBUG] - from application in play-akka.actor.default-dispatcher-5 
[securesocial] custom css path = None

